<?xml version="1.0" encoding="UTF-8"?>
<testsuite xmlns:xsi="http://www.w3.org/2001/XMLSchema-instance" xsi:noNamespaceSchemaLocation="https://maven.apache.org/surefire/maven-surefire-plugin/xsd/surefire-test-report-3.0.xsd" version="3.0" name="com.flickfinder.dao.MovieDAOTest" time="0.065" tests="4" errors="0" skipped="0" failures="0">
  <properties>
    <property name="java.specification.version" value="17"/>
    <property name="sun.jnu.encoding" value="UTF-8"/>
    <property name="java.class.path" value="/Users/aarav/Desktop/com1028at02004/target/test-classes:/Users/aarav/Desktop/com1028at02004/target/classes:/Users/aarav/.m2/repository/org/xerial/sqlite-jdbc/3.45.1.0/sqlite-jdbc-3.45.1.0.jar:/Users/aarav/.m2/repository/org/slf4j/slf4j-api/1.7.36/slf4j-api-1.7.36.jar:/Users/aarav/.m2/repository/io/javalin/javalin/6.0.0/javalin-6.0.0.jar:/Users/aarav/.m2/repository/org/eclipse/jetty/jetty-server/11.0.19/jetty-server-11.0.19.jar:/Users/aarav/.m2/repository/org/eclipse/jetty/toolchain/jetty-jakarta-servlet-api/5.0.2/jetty-jakarta-servlet-api-5.0.2.jar:/Users/aarav/.m2/repository/org/eclipse/jetty/jetty-http/11.0.19/jetty-http-11.0.19.jar:/Users/aarav/.m2/repository/org/eclipse/jetty/jetty-util/11.0.19/jetty-util-11.0.19.jar:/Users/aarav/.m2/repository/org/eclipse/jetty/jetty-io/11.0.19/jetty-io-11.0.19.jar:/Users/aarav/.m2/repository/org/eclipse/jetty/websocket/websocket-jetty-server/11.0.19/websocket-jetty-server-11.0.19.jar:/Users/aarav/.m2/repository/org/eclipse/jetty/websocket/websocket-jetty-api/11.0.19/websocket-jetty-api-11.0.19.jar:/Users/aarav/.m2/repository/org/eclipse/jetty/websocket/websocket-jetty-common/11.0.19/websocket-jetty-common-11.0.19.jar:/Users/aarav/.m2/repository/org/eclipse/jetty/websocket/websocket-core-common/11.0.19/websocket-core-common-11.0.19.jar:/Users/aarav/.m2/repository/org/eclipse/jetty/websocket/websocket-servlet/11.0.19/websocket-servlet-11.0.19.jar:/Users/aarav/.m2/repository/org/eclipse/jetty/websocket/websocket-core-server/11.0.19/websocket-core-server-11.0.19.jar:/Users/aarav/.m2/repository/org/eclipse/jetty/jetty-servlet/11.0.19/jetty-servlet-11.0.19.jar:/Users/aarav/.m2/repository/org/eclipse/jetty/jetty-security/11.0.19/jetty-security-11.0.19.jar:/Users/aarav/.m2/repository/org/eclipse/jetty/jetty-webapp/11.0.19/jetty-webapp-11.0.19.jar:/Users/aarav/.m2/repository/org/eclipse/jetty/jetty-xml/11.0.19/jetty-xml-11.0.19.jar:/Users/aarav/.m2/repository/org/jetbrains/kotlin/kotlin-stdlib-jdk8/1.9.10/kotlin-stdlib-jdk8-1.9.10.jar:/Users/aarav/.m2/repository/org/jetbrains/kotlin/kotlin-stdlib/1.9.10/kotlin-stdlib-1.9.10.jar:/Users/aarav/.m2/repository/org/jetbrains/kotlin/kotlin-stdlib-common/1.9.10/kotlin-stdlib-common-1.9.10.jar:/Users/aarav/.m2/repository/org/jetbrains/annotations/13.0/annotations-13.0.jar:/Users/aarav/.m2/repository/org/jetbrains/kotlin/kotlin-stdlib-jdk7/1.9.10/kotlin-stdlib-jdk7-1.9.10.jar:/Users/aarav/.m2/repository/com/fasterxml/jackson/core/jackson-databind/2.16.1/jackson-databind-2.16.1.jar:/Users/aarav/.m2/repository/com/fasterxml/jackson/core/jackson-annotations/2.16.1/jackson-annotations-2.16.1.jar:/Users/aarav/.m2/repository/com/fasterxml/jackson/core/jackson-core/2.16.1/jackson-core-2.16.1.jar:/Users/aarav/.m2/repository/org/junit/jupiter/junit-jupiter-api/5.8.2/junit-jupiter-api-5.8.2.jar:/Users/aarav/.m2/repository/org/opentest4j/opentest4j/1.2.0/opentest4j-1.2.0.jar:/Users/aarav/.m2/repository/org/junit/platform/junit-platform-commons/1.8.2/junit-platform-commons-1.8.2.jar:/Users/aarav/.m2/repository/org/apiguardian/apiguardian-api/1.1.2/apiguardian-api-1.1.2.jar:/Users/aarav/.m2/repository/org/mockito/mockito-core/5.10.0/mockito-core-5.10.0.jar:/Users/aarav/.m2/repository/net/bytebuddy/byte-buddy/1.14.11/byte-buddy-1.14.11.jar:/Users/aarav/.m2/repository/net/bytebuddy/byte-buddy-agent/1.14.11/byte-buddy-agent-1.14.11.jar:/Users/aarav/.m2/repository/org/objenesis/objenesis/3.3/objenesis-3.3.jar:/Users/aarav/.m2/repository/io/rest-assured/rest-assured/5.4.0/rest-assured-5.4.0.jar:/Users/aarav/.m2/repository/org/apache/groovy/groovy/4.0.16/groovy-4.0.16.jar:/Users/aarav/.m2/repository/org/apache/groovy/groovy-xml/4.0.16/groovy-xml-4.0.16.jar:/Users/aarav/.m2/repository/org/apache/httpcomponents/httpclient/4.5.13/httpclient-4.5.13.jar:/Users/aarav/.m2/repository/org/apache/httpcomponents/httpcore/4.4.13/httpcore-4.4.13.jar:/Users/aarav/.m2/repository/commons-logging/commons-logging/1.2/commons-logging-1.2.jar:/Users/aarav/.m2/repository/commons-codec/commons-codec/1.11/commons-codec-1.11.jar:/Users/aarav/.m2/repository/org/apache/httpcomponents/httpmime/4.5.13/httpmime-4.5.13.jar:/Users/aarav/.m2/repository/org/hamcrest/hamcrest/2.2/hamcrest-2.2.jar:/Users/aarav/.m2/repository/org/ccil/cowan/tagsoup/tagsoup/1.2.1/tagsoup-1.2.1.jar:/Users/aarav/.m2/repository/io/rest-assured/json-path/5.4.0/json-path-5.4.0.jar:/Users/aarav/.m2/repository/org/apache/groovy/groovy-json/4.0.16/groovy-json-4.0.16.jar:/Users/aarav/.m2/repository/io/rest-assured/rest-assured-common/5.4.0/rest-assured-common-5.4.0.jar:/Users/aarav/.m2/repository/io/rest-assured/xml-path/5.4.0/xml-path-5.4.0.jar:/Users/aarav/.m2/repository/org/apache/commons/commons-lang3/3.11/commons-lang3-3.11.jar:"/>
    <property name="java.vm.vendor" value="Eclipse Adoptium"/>
    <property name="sun.arch.data.model" value="64"/>
    <property name="java.vendor.url" value="https://adoptium.net/"/>
    <property name="user.timezone" value="Europe/London"/>
    <property name="os.name" value="Mac OS X"/>
    <property name="java.vm.specification.version" value="17"/>
    <property name="sun.java.launcher" value="SUN_STANDARD"/>
    <property name="user.country" value="AE"/>
    <property name="sun.boot.library.path" value="/Users/aarav/.p2/pool/plugins/org.eclipse.justj.openjdk.hotspot.jre.full.macosx.x86_64_17.0.9.v20231028-0858/jre/lib"/>
    <property name="sun.java.command" value="/Users/aarav/Desktop/com1028at02004/target/surefire/surefirebooter-20240513133154307_3.jar /Users/aarav/Desktop/com1028at02004/target/surefire 2024-05-13T13-31-54_179-jvmRun1 surefire-20240513133154307_1tmp surefire_0-20240513133154307_2tmp"/>
    <property name="http.nonProxyHosts" value="local|*.local|169.254/16|*.169.254/16"/>
    <property name="jdk.debug" value="release"/>
    <property name="surefire.test.class.path" value="/Users/aarav/Desktop/com1028at02004/target/test-classes:/Users/aarav/Desktop/com1028at02004/target/classes:/Users/aarav/.m2/repository/org/xerial/sqlite-jdbc/3.45.1.0/sqlite-jdbc-3.45.1.0.jar:/Users/aarav/.m2/repository/org/slf4j/slf4j-api/1.7.36/slf4j-api-1.7.36.jar:/Users/aarav/.m2/repository/io/javalin/javalin/6.0.0/javalin-6.0.0.jar:/Users/aarav/.m2/repository/org/eclipse/jetty/jetty-server/11.0.19/jetty-server-11.0.19.jar:/Users/aarav/.m2/repository/org/eclipse/jetty/toolchain/jetty-jakarta-servlet-api/5.0.2/jetty-jakarta-servlet-api-5.0.2.jar:/Users/aarav/.m2/repository/org/eclipse/jetty/jetty-http/11.0.19/jetty-http-11.0.19.jar:/Users/aarav/.m2/repository/org/eclipse/jetty/jetty-util/11.0.19/jetty-util-11.0.19.jar:/Users/aarav/.m2/repository/org/eclipse/jetty/jetty-io/11.0.19/jetty-io-11.0.19.jar:/Users/aarav/.m2/repository/org/eclipse/jetty/websocket/websocket-jetty-server/11.0.19/websocket-jetty-server-11.0.19.jar:/Users/aarav/.m2/repository/org/eclipse/jetty/websocket/websocket-jetty-api/11.0.19/websocket-jetty-api-11.0.19.jar:/Users/aarav/.m2/repository/org/eclipse/jetty/websocket/websocket-jetty-common/11.0.19/websocket-jetty-common-11.0.19.jar:/Users/aarav/.m2/repository/org/eclipse/jetty/websocket/websocket-core-common/11.0.19/websocket-core-common-11.0.19.jar:/Users/aarav/.m2/repository/org/eclipse/jetty/websocket/websocket-servlet/11.0.19/websocket-servlet-11.0.19.jar:/Users/aarav/.m2/repository/org/eclipse/jetty/websocket/websocket-core-server/11.0.19/websocket-core-server-11.0.19.jar:/Users/aarav/.m2/repository/org/eclipse/jetty/jetty-servlet/11.0.19/jetty-servlet-11.0.19.jar:/Users/aarav/.m2/repository/org/eclipse/jetty/jetty-security/11.0.19/jetty-security-11.0.19.jar:/Users/aarav/.m2/repository/org/eclipse/jetty/jetty-webapp/11.0.19/jetty-webapp-11.0.19.jar:/Users/aarav/.m2/repository/org/eclipse/jetty/jetty-xml/11.0.19/jetty-xml-11.0.19.jar:/Users/aarav/.m2/repository/org/jetbrains/kotlin/kotlin-stdlib-jdk8/1.9.10/kotlin-stdlib-jdk8-1.9.10.jar:/Users/aarav/.m2/repository/org/jetbrains/kotlin/kotlin-stdlib/1.9.10/kotlin-stdlib-1.9.10.jar:/Users/aarav/.m2/repository/org/jetbrains/kotlin/kotlin-stdlib-common/1.9.10/kotlin-stdlib-common-1.9.10.jar:/Users/aarav/.m2/repository/org/jetbrains/annotations/13.0/annotations-13.0.jar:/Users/aarav/.m2/repository/org/jetbrains/kotlin/kotlin-stdlib-jdk7/1.9.10/kotlin-stdlib-jdk7-1.9.10.jar:/Users/aarav/.m2/repository/com/fasterxml/jackson/core/jackson-databind/2.16.1/jackson-databind-2.16.1.jar:/Users/aarav/.m2/repository/com/fasterxml/jackson/core/jackson-annotations/2.16.1/jackson-annotations-2.16.1.jar:/Users/aarav/.m2/repository/com/fasterxml/jackson/core/jackson-core/2.16.1/jackson-core-2.16.1.jar:/Users/aarav/.m2/repository/org/junit/jupiter/junit-jupiter-api/5.8.2/junit-jupiter-api-5.8.2.jar:/Users/aarav/.m2/repository/org/opentest4j/opentest4j/1.2.0/opentest4j-1.2.0.jar:/Users/aarav/.m2/repository/org/junit/platform/junit-platform-commons/1.8.2/junit-platform-commons-1.8.2.jar:/Users/aarav/.m2/repository/org/apiguardian/apiguardian-api/1.1.2/apiguardian-api-1.1.2.jar:/Users/aarav/.m2/repository/org/mockito/mockito-core/5.10.0/mockito-core-5.10.0.jar:/Users/aarav/.m2/repository/net/bytebuddy/byte-buddy/1.14.11/byte-buddy-1.14.11.jar:/Users/aarav/.m2/repository/net/bytebuddy/byte-buddy-agent/1.14.11/byte-buddy-agent-1.14.11.jar:/Users/aarav/.m2/repository/org/objenesis/objenesis/3.3/objenesis-3.3.jar:/Users/aarav/.m2/repository/io/rest-assured/rest-assured/5.4.0/rest-assured-5.4.0.jar:/Users/aarav/.m2/repository/org/apache/groovy/groovy/4.0.16/groovy-4.0.16.jar:/Users/aarav/.m2/repository/org/apache/groovy/groovy-xml/4.0.16/groovy-xml-4.0.16.jar:/Users/aarav/.m2/repository/org/apache/httpcomponents/httpclient/4.5.13/httpclient-4.5.13.jar:/Users/aarav/.m2/repository/org/apache/httpcomponents/httpcore/4.4.13/httpcore-4.4.13.jar:/Users/aarav/.m2/repository/commons-logging/commons-logging/1.2/commons-logging-1.2.jar:/Users/aarav/.m2/repository/commons-codec/commons-codec/1.11/commons-codec-1.11.jar:/Users/aarav/.m2/repository/org/apache/httpcomponents/httpmime/4.5.13/httpmime-4.5.13.jar:/Users/aarav/.m2/repository/org/hamcrest/hamcrest/2.2/hamcrest-2.2.jar:/Users/aarav/.m2/repository/org/ccil/cowan/tagsoup/tagsoup/1.2.1/tagsoup-1.2.1.jar:/Users/aarav/.m2/repository/io/rest-assured/json-path/5.4.0/json-path-5.4.0.jar:/Users/aarav/.m2/repository/org/apache/groovy/groovy-json/4.0.16/groovy-json-4.0.16.jar:/Users/aarav/.m2/repository/io/rest-assured/rest-assured-common/5.4.0/rest-assured-common-5.4.0.jar:/Users/aarav/.m2/repository/io/rest-assured/xml-path/5.4.0/xml-path-5.4.0.jar:/Users/aarav/.m2/repository/org/apache/commons/commons-lang3/3.11/commons-lang3-3.11.jar:"/>
    <property name="sun.cpu.endian" value="little"/>
    <property name="user.home" value="/Users/aarav"/>
    <property name="user.language" value="en"/>
    <property name="java.specification.vendor" value="Oracle Corporation"/>
    <property name="java.version.date" value="2023-10-17"/>
    <property name="java.home" value="/Users/aarav/.p2/pool/plugins/org.eclipse.justj.openjdk.hotspot.jre.full.macosx.x86_64_17.0.9.v20231028-0858/jre"/>
    <property name="file.separator" value="/"/>
    <property name="style.color" value="always"/>
    <property name="basedir" value="/Users/aarav/Desktop/com1028at02004"/>
    <property name="java.vm.compressedOopsMode" value="Zero based"/>
    <property name="line.separator" value="&#10;"/>
    <property name="java.vm.specification.vendor" value="Oracle Corporation"/>
    <property name="java.specification.name" value="Java Platform API Specification"/>
    <property name="surefire.real.class.path" value="/Users/aarav/Desktop/com1028at02004/target/surefire/surefirebooter-20240513133154307_3.jar"/>
    <property name="sun.management.compiler" value="HotSpot 64-Bit Tiered Compilers"/>
    <property name="ftp.nonProxyHosts" value="local|*.local|169.254/16|*.169.254/16"/>
    <property name="java.runtime.version" value="17.0.9+9"/>
    <property name="user.name" value="aarav"/>
    <property name="path.separator" value=":"/>
    <property name="os.version" value="13.5"/>
    <property name="java.runtime.name" value="OpenJDK Runtime Environment"/>
    <property name="file.encoding" value="UTF-8"/>
    <property name="java.vm.name" value="OpenJDK 64-Bit Server VM"/>
    <property name="java.vendor.version" value="Temurin-17.0.9+9"/>
    <property name="localRepository" value="/Users/aarav/.m2/repository"/>
    <property name="java.vendor.url.bug" value="https://github.com/adoptium/adoptium-support/issues"/>
    <property name="jetty.git.hash" value="f781e475c8fa9e9c8ce18b1eaa03110d510f905f"/>
    <property name="java.io.tmpdir" value="/var/folders/k3/92md1wvd189806j287whdy9h0000gn/T/"/>
    <property name="java.version" value="17.0.9"/>
    <property name="user.dir" value="/Users/aarav/Desktop/com1028at02004"/>
    <property name="os.arch" value="x86_64"/>
    <property name="java.vm.specification.name" value="Java Virtual Machine Specification"/>
    <property name="native.encoding" value="UTF-8"/>
    <property name="java.library.path" value="/Users/aarav/Library/Java/Extensions:/Library/Java/Extensions:/Network/Library/Java/Extensions:/System/Library/Java/Extensions:/usr/lib/java:."/>
    <property name="java.vm.info" value="mixed mode"/>
    <property name="java.vendor" value="Eclipse Adoptium"/>
    <property name="java.vm.version" value="17.0.9+9"/>
    <property name="sun.io.unicode.encoding" value="UnicodeBig"/>
    <property name="socksNonProxyHosts" value="local|*.local|169.254/16|*.169.254/16"/>
    <property name="java.class.version" value="61.0"/>
  </properties>
  <testcase name="testGetMovieById" classname="com.flickfinder.dao.MovieDAOTest" time="0.01"/>
  <testcase name="testGetMovieByIdInvalidId" classname="com.flickfinder.dao.MovieDAOTest" time="0.013"/>
  <testcase name="testGetAllMovies" classname="com.flickfinder.dao.MovieDAOTest" time="0.011"/>
  <testcase name="testStarById" classname="com.flickfinder.dao.MovieDAOTest" time="0.016"/>
</testsuite>